<?xml version="1.0" encoding="UTF-8"?>
<!-- Generated by org.testng.reporters.JUnitXMLReporter -->
<testsuite hostname="Shree-PC" name="Default test" tests="6" failures="0" timestamp="20 Jul 2018 06:32:51 GMT" time="2.641" errors="0">
  <testcase name="perfomLogin" time="2.031" classname="com.abp.util.PerfomAuthenticationTest"/>
  <testcase name="perfomLogin" time="0.0" classname="com.abp.util.PerfomAuthenticationTest"/>
  <testcase name="perfomLogin" time="0.015" classname="com.abp.util.PerfomAuthenticationTest"/>
  <testcase name="perfomLogin" time="0.0" classname="com.abp.util.PerfomAuthenticationTest"/>
  <testcase name="perfomLogin" time="0.0" classname="com.abp.util.PerfomAuthenticationTest"/>
  <testcase name="perfomLogin" time="0.015" classname="com.abp.util.PerfomAuthenticationTest"/>
</testsuite> <!-- Default test -->
